Determining if the pthread_create exist failed with the following output:
Change Dir: /home/pablo/GDP_Git/build/libmavconn/CMakeFiles/CMakeTmp

Run Build Command:"/usr/bin/make" "cmTC_462b5/fast"
/usr/bin/make -f CMakeFiles/cmTC_462b5.dir/build.make CMakeFiles/cmTC_462b5.dir/build
make[1]: Entering directory '/home/pablo/GDP_Git/build/libmavconn/CMakeFiles/CMakeTmp'
Building C object CMakeFiles/cmTC_462b5.dir/CheckSymbolExists.c.o
/usr/bin/cc    -o CMakeFiles/cmTC_462b5.dir/CheckSymbolExists.c.o   -c /home/pablo/GDP_Git/build/libmavconn/CMakeFiles/CMakeTmp/CheckSymbolExists.c
Linking C executable cmTC_462b5
/usr/bin/cmake -E cmake_link_script CMakeFiles/cmTC_462b5.dir/link.txt --verbose=1
/usr/bin/cc      -rdynamic CMakeFiles/cmTC_462b5.dir/CheckSymbolExists.c.o  -o cmTC_462b5 
CMakeFiles/cmTC_462b5.dir/CheckSymbolExists.c.o: In function `main':
CheckSymbolExists.c:(.text+0x1b): undefined reference to `pthread_create'
collect2: error: ld returned 1 exit status
CMakeFiles/cmTC_462b5.dir/build.make:97: recipe for target 'cmTC_462b5' failed
make[1]: *** [cmTC_462b5] Error 1
make[1]: Leaving directory '/home/pablo/GDP_Git/build/libmavconn/CMakeFiles/CMakeTmp'
Makefile:126: recipe for target 'cmTC_462b5/fast' failed
make: *** [cmTC_462b5/fast] Error 2

File /home/pablo/GDP_Git/build/libmavconn/CMakeFiles/CMakeTmp/CheckSymbolExists.c:
/* */
#include <pthread.h>

int main(int argc, char** argv)
{
  (void)argv;
#ifndef pthread_create
  return ((int*)(&pthread_create))[argc];
#else
  (void)argc;
  return 0;
#endif
}

Determining if the function pthread_create exists in the pthreads failed with the following output:
Change Dir: /home/pablo/GDP_Git/build/libmavconn/CMakeFiles/CMakeTmp

Run Build Command:"/usr/bin/make" "cmTC_ae5ed/fast"
/usr/bin/make -f CMakeFiles/cmTC_ae5ed.dir/build.make CMakeFiles/cmTC_ae5ed.dir/build
make[1]: Entering directory '/home/pablo/GDP_Git/build/libmavconn/CMakeFiles/CMakeTmp'
Building C object CMakeFiles/cmTC_ae5ed.dir/CheckFunctionExists.c.o
/usr/bin/cc   -DCHECK_FUNCTION_EXISTS=pthread_create   -o CMakeFiles/cmTC_ae5ed.dir/CheckFunctionExists.c.o   -c /usr/share/cmake-3.10/Modules/CheckFunctionExists.c
Linking C executable cmTC_ae5ed
/usr/bin/cmake -E cmake_link_script CMakeFiles/cmTC_ae5ed.dir/link.txt --verbose=1
/usr/bin/cc  -DCHECK_FUNCTION_EXISTS=pthread_create    -rdynamic CMakeFiles/cmTC_ae5ed.dir/CheckFunctionExists.c.o  -o cmTC_ae5ed -lpthreads 
/usr/bin/ld: cannot find -lpthreads
collect2: error: ld returned 1 exit status
CMakeFiles/cmTC_ae5ed.dir/build.make:97: recipe for target 'cmTC_ae5ed' failed
make[1]: *** [cmTC_ae5ed] Error 1
make[1]: Leaving directory '/home/pablo/GDP_Git/build/libmavconn/CMakeFiles/CMakeTmp'
Makefile:126: recipe for target 'cmTC_ae5ed/fast' failed
make: *** [cmTC_ae5ed/fast] Error 2


