Determining if the pthread_create exist failed with the following output:
Change Dir: /home/pablo/GDP_Git/build/catkin_tools_prebuild/CMakeFiles/CMakeTmp

Run Build Command:"/usr/bin/make" "cmTC_acce6/fast"
/usr/bin/make -f CMakeFiles/cmTC_acce6.dir/build.make CMakeFiles/cmTC_acce6.dir/build
make[1]: Entering directory '/home/pablo/GDP_Git/build/catkin_tools_prebuild/CMakeFiles/CMakeTmp'
Building C object CMakeFiles/cmTC_acce6.dir/CheckSymbolExists.c.o
/usr/bin/cc    -o CMakeFiles/cmTC_acce6.dir/CheckSymbolExists.c.o   -c /home/pablo/GDP_Git/build/catkin_tools_prebuild/CMakeFiles/CMakeTmp/CheckSymbolExists.c
Linking C executable cmTC_acce6
/usr/bin/cmake -E cmake_link_script CMakeFiles/cmTC_acce6.dir/link.txt --verbose=1
/usr/bin/cc      -rdynamic CMakeFiles/cmTC_acce6.dir/CheckSymbolExists.c.o  -o cmTC_acce6 
CMakeFiles/cmTC_acce6.dir/CheckSymbolExists.c.o: In function `main':
CheckSymbolExists.c:(.text+0x1b): undefined reference to `pthread_create'
collect2: error: ld returned 1 exit status
CMakeFiles/cmTC_acce6.dir/build.make:97: recipe for target 'cmTC_acce6' failed
make[1]: *** [cmTC_acce6] Error 1
make[1]: Leaving directory '/home/pablo/GDP_Git/build/catkin_tools_prebuild/CMakeFiles/CMakeTmp'
Makefile:126: recipe for target 'cmTC_acce6/fast' failed
make: *** [cmTC_acce6/fast] Error 2

File /home/pablo/GDP_Git/build/catkin_tools_prebuild/CMakeFiles/CMakeTmp/CheckSymbolExists.c:
/* */
#include <pthread.h>

int main(int argc, char** argv)
{
  (void)argv;
#ifndef pthread_create
  return ((int*)(&pthread_create))[argc];
#else
  (void)argc;
  return 0;
#endif
}

Determining if the function pthread_create exists in the pthreads failed with the following output:
Change Dir: /home/pablo/GDP_Git/build/catkin_tools_prebuild/CMakeFiles/CMakeTmp

Run Build Command:"/usr/bin/make" "cmTC_711eb/fast"
/usr/bin/make -f CMakeFiles/cmTC_711eb.dir/build.make CMakeFiles/cmTC_711eb.dir/build
make[1]: Entering directory '/home/pablo/GDP_Git/build/catkin_tools_prebuild/CMakeFiles/CMakeTmp'
Building C object CMakeFiles/cmTC_711eb.dir/CheckFunctionExists.c.o
/usr/bin/cc   -DCHECK_FUNCTION_EXISTS=pthread_create   -o CMakeFiles/cmTC_711eb.dir/CheckFunctionExists.c.o   -c /usr/share/cmake-3.10/Modules/CheckFunctionExists.c
Linking C executable cmTC_711eb
/usr/bin/cmake -E cmake_link_script CMakeFiles/cmTC_711eb.dir/link.txt --verbose=1
/usr/bin/cc  -DCHECK_FUNCTION_EXISTS=pthread_create    -rdynamic CMakeFiles/cmTC_711eb.dir/CheckFunctionExists.c.o  -o cmTC_711eb -lpthreads 
/usr/bin/ld: cannot find -lpthreads
collect2: error: ld returned 1 exit status
CMakeFiles/cmTC_711eb.dir/build.make:97: recipe for target 'cmTC_711eb' failed
make[1]: *** [cmTC_711eb] Error 1
make[1]: Leaving directory '/home/pablo/GDP_Git/build/catkin_tools_prebuild/CMakeFiles/CMakeTmp'
Makefile:126: recipe for target 'cmTC_711eb/fast' failed
make: *** [cmTC_711eb/fast] Error 2


