In file included from [01m[K/home/pablo/GDP_Git/src/drone_lib/src/Commands.cpp:1:0[m[K:
[01m[K/home/pablo/GDP_Git/src/drone_lib/src/headers/commands.h:61:38:[m[K [01;31m[Kerror: [m[K‘[01m[Kgeometry_msgs::TwistStamped[m[K’ has not been declared
     void set_Velocity(geometry_msgs::[01;31m[KTwistStamped[m[K _twist);
                                      [01;31m[K^~~~~~~~~~~~[m[K
[01m[K/home/pablo/GDP_Git/src/drone_lib/src/Commands.cpp:[m[K In member function ‘[01m[Kvoid commands::requestLanding()[m[K’:
[01m[K/home/pablo/GDP_Git/src/drone_lib/src/Commands.cpp:78:30:[m[K [01;31m[Kerror: [m[Kno matching function for call to ‘[01m[Kcommands::set_Velocity(geometry_msgs::TwistStamped&)[m[K’
         set_Velocity(velocity[01;31m[K)[m[K;
                              [01;31m[K^[m[K
In file included from [01m[K/home/pablo/GDP_Git/src/drone_lib/src/Commands.cpp:1:0[m[K:
[01m[K/home/pablo/GDP_Git/src/drone_lib/src/headers/commands.h:61:10:[m[K [01;36m[Knote: [m[Kcandidate: void commands::set_Velocity(int)
     void [01;36m[Kset_Velocity[m[K(geometry_msgs::TwistStamped _twist);
          [01;36m[K^~~~~~~~~~~~[m[K
[01m[K/home/pablo/GDP_Git/src/drone_lib/src/headers/commands.h:61:10:[m[K [01;36m[Knote: [m[K  no known conversion for argument 1 from ‘[01m[Kgeometry_msgs::TwistStamped {aka geometry_msgs::TwistStamped_<std::allocator<void> >}[m[K’ to ‘[01m[Kint[m[K’
[01m[K/home/pablo/GDP_Git/src/drone_lib/src/Commands.cpp:[m[K In member function ‘[01m[Kvoid commands::move_Velocity(float, float, float, float, float, float)[m[K’:
[01m[K/home/pablo/GDP_Git/src/drone_lib/src/Commands.cpp:118:26:[m[K [01;31m[Kerror: [m[Kno matching function for call to ‘[01m[Kcommands::set_Velocity(geometry_msgs::TwistStamped&)[m[K’
     set_Velocity(velocity[01;31m[K)[m[K;
                          [01;31m[K^[m[K
In file included from [01m[K/home/pablo/GDP_Git/src/drone_lib/src/Commands.cpp:1:0[m[K:
[01m[K/home/pablo/GDP_Git/src/drone_lib/src/headers/commands.h:61:10:[m[K [01;36m[Knote: [m[Kcandidate: void commands::set_Velocity(int)
     void [01;36m[Kset_Velocity[m[K(geometry_msgs::TwistStamped _twist);
          [01;36m[K^~~~~~~~~~~~[m[K
[01m[K/home/pablo/GDP_Git/src/drone_lib/src/headers/commands.h:61:10:[m[K [01;36m[Knote: [m[K  no known conversion for argument 1 from ‘[01m[Kgeometry_msgs::TwistStamped {aka geometry_msgs::TwistStamped_<std::allocator<void> >}[m[K’ to ‘[01m[Kint[m[K’
[01m[K/home/pablo/GDP_Git/src/drone_lib/src/Commands.cpp:[m[K At global scope:
[01m[K/home/pablo/GDP_Git/src/drone_lib/src/Commands.cpp:180:6:[m[K [01;31m[Kerror: [m[Kprototype for ‘[01m[Kvoid commands::set_Velocity(geometry_msgs::TwistStamped)[m[K’ does not match any in class ‘[01m[Kcommands[m[K’
 void [01;31m[Kcommands[m[K::set_Velocity(geometry_msgs::TwistStamped _twist)
      [01;31m[K^~~~~~~~[m[K
In file included from [01m[K/home/pablo/GDP_Git/src/drone_lib/src/Commands.cpp:1:0[m[K:
[01m[K/home/pablo/GDP_Git/src/drone_lib/src/headers/commands.h:61:10:[m[K [01;31m[Kerror: [m[Kcandidate is: void commands::set_Velocity(int)
     void [01;31m[Kset_Velocity[m[K(geometry_msgs::TwistStamped _twist);
          [01;31m[K^~~~~~~~~~~~[m[K
make[2]: *** [CMakeFiles/drone_node.dir/src/Commands.cpp.o] Error 1
make[2]: *** Waiting for unfinished jobs....
make[1]: *** [CMakeFiles/drone_node.dir/all] Error 2
make: *** [all] Error 2
