[01m[K/home/pablo/GDP_Git/src/drone_lib/src/LibTest.cpp:[m[K In function ‘[01m[Kint main(int, char**)[m[K’:
[01m[K/home/pablo/GDP_Git/src/drone_lib/src/LibTest.cpp:19:11:[m[K [01;31m[Kerror: [m[K‘[01m[Kclass GDPdrone[m[K’ has no member named ‘[01m[KMyCommands[m[K’; did you mean ‘[01m[KCommands[m[K’?
     drone.[01;31m[KMyCommands[m[K.await_Connection();
           [01;31m[K^~~~~~~~~~[m[K
           [32m[KCommands[m[K
[01m[K/home/pablo/GDP_Git/src/drone_lib/src/LibTest.cpp:20:11:[m[K [01;31m[Kerror: [m[K‘[01m[Kclass GDPdrone[m[K’ has no member named ‘[01m[KMyCommands[m[K’; did you mean ‘[01m[KCommands[m[K’?
     drone.[01;31m[KMyCommands[m[K.set_Offboard();
           [01;31m[K^~~~~~~~~~[m[K
           [32m[KCommands[m[K
[01m[K/home/pablo/GDP_Git/src/drone_lib/src/LibTest.cpp:21:11:[m[K [01;31m[Kerror: [m[K‘[01m[Kclass GDPdrone[m[K’ has no member named ‘[01m[KMyCommands[m[K’; did you mean ‘[01m[KCommands[m[K’?
     drone.[01;31m[KMyCommands[m[K.set_Armed();
           [01;31m[K^~~~~~~~~~[m[K
           [32m[KCommands[m[K
[01m[K/home/pablo/GDP_Git/src/drone_lib/src/LibTest.cpp:22:11:[m[K [01;31m[Kerror: [m[K‘[01m[Kclass GDPdrone[m[K’ has no member named ‘[01m[KMyCommands[m[K’; did you mean ‘[01m[KCommands[m[K’?
     drone.[01;31m[KMyCommands[m[K.requestTakeoff(1);
           [01;31m[K^~~~~~~~~~[m[K
           [32m[KCommands[m[K
[01m[K/home/pablo/GDP_Git/src/drone_lib/src/LibTest.cpp:23:11:[m[K [01;31m[Kerror: [m[K‘[01m[Kclass GDPdrone[m[K’ has no member named ‘[01m[KMyCommands[m[K’; did you mean ‘[01m[KCommands[m[K’?
     drone.[01;31m[KMyCommands[m[K.move_Position(0, 0, 1);
           [01;31m[K^~~~~~~~~~[m[K
           [32m[KCommands[m[K
[01m[K/home/pablo/GDP_Git/src/drone_lib/src/LibTest.cpp:24:11:[m[K [01;31m[Kerror: [m[K‘[01m[Kclass GDPdrone[m[K’ has no member named ‘[01m[KMyCommands[m[K’; did you mean ‘[01m[KCommands[m[K’?
     drone.[01;31m[KMyCommands[m[K.move_Position(1, 0, 1);
           [01;31m[K^~~~~~~~~~[m[K
           [32m[KCommands[m[K
[01m[K/home/pablo/GDP_Git/src/drone_lib/src/LibTest.cpp:27:11:[m[K [01;31m[Kerror: [m[K‘[01m[Kclass GDPdrone[m[K’ has no member named ‘[01m[KMyCommands[m[K’; did you mean ‘[01m[KCommands[m[K’?
     drone.[01;31m[KMyCommands[m[K.requestLanding();
           [01;31m[K^~~~~~~~~~[m[K
           [32m[KCommands[m[K
[01m[K/home/pablo/GDP_Git/src/drone_lib/src/LibTest.cpp:28:11:[m[K [01;31m[Kerror: [m[K‘[01m[Kclass GDPdrone[m[K’ has no member named ‘[01m[KMyCommands[m[K’; did you mean ‘[01m[KCommands[m[K’?
     drone.[01;31m[KMyCommands[m[K.set_Disarmed();
           [01;31m[K^~~~~~~~~~[m[K
           [32m[KCommands[m[K
make[2]: *** [CMakeFiles/drone_node.dir/src/LibTest.cpp.o] Error 1
make[2]: *** Waiting for unfinished jobs....
make[1]: *** [CMakeFiles/drone_node.dir/all] Error 2
make: *** [all] Error 2
