In file included from [01m[K/opt/ros/melodic/include/ros/ros.h:40:0[m[K,
                 from [01m[K/home/pablo/GDP_Git/src/drone_lib/src/headers/commands.h:4[m[K,
                 from [01m[K/home/pablo/GDP_Git/src/drone_lib/src/Commands.cpp:1[m[K:
[01m[K/home/pablo/GDP_Git/src/drone_lib/src/Commands.cpp:[m[K In member function ‘[01m[Kvoid commands::set_Mode(std::__cxx11::string)[m[K’:
[01m[K/opt/ros/melodic/include/ros/console.h:348:176:[m[K [01;35m[Kwarning: [m[Kformat ‘[01m[K%s[m[K’ expects argument of type ‘[01m[Kchar*[m[K’, but argument 8 has type ‘[01m[Kstd::__cxx11::string {aka std::__cxx11::basic_string<char>}[m[K’ [[01;35m[K-Wformat=[m[K]
     ::ros::console::print(filter, __rosconsole_define_location__loc.logger_, __rosconsole_define_location__loc.level_, __FILE__, __LINE__, __ROSCONSOLE_FUNCTION__, __VA_ARGS__[01;35m[K)[m[K
                                                                                                                                                                                [01;35m[K^[m[K
[01m[K/opt/ros/melodic/include/ros/console.h:351:5:[m[K [01;36m[Knote: [m[Kin expansion of macro ‘[01m[KROSCONSOLE_PRINT_AT_LOCATION_WITH_FILTER[m[K’
     [01;36m[KROSCONSOLE_PRINT_AT_LOCATION_WITH_FILTER[m[K(NULL, __VA_ARGS__)
     [01;36m[K^~~~~~~~~~~~~~~~~~~~~~~~~~~~~~~~~~~~~~~~[m[K
[01m[K/opt/ros/melodic/include/ros/console.h:387:7:[m[K [01;36m[Knote: [m[Kin expansion of macro ‘[01m[KROSCONSOLE_PRINT_AT_LOCATION[m[K’
       [01;36m[KROSCONSOLE_PRINT_AT_LOCATION[m[K(__VA_ARGS__); \
       [01;36m[K^~~~~~~~~~~~~~~~~~~~~~~~~~~~[m[K
[01m[K/opt/ros/melodic/include/ros/console.h:572:35:[m[K [01;36m[Knote: [m[Kin expansion of macro ‘[01m[KROS_LOG_COND[m[K’
 #define ROS_LOG(level, name, ...) [01;36m[KROS_LOG_COND[m[K(true, level, name, __VA_ARGS__)
                                   [01;36m[K^~~~~~~~~~~~[m[K
[01m[K/opt/ros/melodic/include/rosconsole/macros_generated.h:110:23:[m[K [01;36m[Knote: [m[Kin expansion of macro ‘[01m[KROS_LOG[m[K’
 #define ROS_INFO(...) [01;36m[KROS_LOG[m[K(::ros::console::levels::Info, ROSCONSOLE_DEFAULT_NAME, __VA_ARGS__)
                       [01;36m[K^~~~~~~[m[K
[01m[K/home/pablo/GDP_Git/src/drone_lib/src/Commands.cpp:117:9:[m[K [01;36m[Knote: [m[Kin expansion of macro ‘[01m[KROS_INFO[m[K’
         [01;36m[KR[m[KOS_INFO("%s enabled", _mode);
         [01;36m[K^[m[K
In file included from [01m[K/usr/include/boost/function/detail/maybe_include.hpp:18:0[m[K,
                 from [01m[K/usr/include/boost/function/detail/function_iterate.hpp:14[m[K,
                 from [01m[K/usr/include/boost/preprocessor/iteration/detail/iter/forward1.hpp:52[m[K,
                 from [01m[K/usr/include/boost/function.hpp:64[m[K,
                 from [01m[K/opt/ros/melodic/include/ros/forwards.h:40[m[K,
                 from [01m[K/opt/ros/melodic/include/ros/common.h:37[m[K,
                 from [01m[K/opt/ros/melodic/include/ros/ros.h:43[m[K,
                 from [01m[K/home/pablo/GDP_Git/src/drone_lib/src/headers/commands.h:4[m[K,
                 from [01m[K/home/pablo/GDP_Git/src/drone_lib/src/Commands.cpp:1[m[K:
/usr/include/boost/function/function_template.hpp: In instantiation of ‘[01m[Kstatic void boost::detail::function::function_void_mem_invoker1<MemberPtr, R, T0>::invoke(boost::detail::function::function_buffer&, T0) [with MemberPtr = void (commands::*)(const boost::shared_ptr<const mavros_msgs::State_<std::allocator<void> > >&); R = void; T0 = const boost::shared_ptr<const mavros_msgs::State_<std::allocator<void> > >&][m[K’:
[01m[K/usr/include/boost/function/function_template.hpp:925:38:[m[K   required from ‘[01m[Kvoid boost::function1<R, T1>::assign_to(Functor) [with Functor = void (commands::*)(const boost::shared_ptr<const mavros_msgs::State_<std::allocator<void> > >&); R = void; T0 = const boost::shared_ptr<const mavros_msgs::State_<std::allocator<void> > >&][m[K’
[01m[K/usr/include/boost/function/function_template.hpp:716:7:[m[K   required from ‘[01m[Kboost::function1<R, T1>::function1(Functor, typename boost::enable_if_c<(! boost::is_integral<Functor>::value), int>::type) [with Functor = void (commands::*)(const boost::shared_ptr<const mavros_msgs::State_<std::allocator<void> > >&); R = void; T0 = const boost::shared_ptr<const mavros_msgs::State_<std::allocator<void> > >&; typename boost::enable_if_c<(! boost::is_integral<Functor>::value), int>::type = int][m[K’
[01m[K/usr/include/boost/function/function_template.hpp:1061:16:[m[K   required from ‘[01m[Kboost::function<R(T0)>::function(Functor, typename boost::enable_if_c<(! boost::is_integral<Functor>::value), int>::type) [with Functor = void (commands::*)(const boost::shared_ptr<const mavros_msgs::State_<std::allocator<void> > >&); R = void; T0 = const boost::shared_ptr<const mavros_msgs::State_<std::allocator<void> > >&; typename boost::enable_if_c<(! boost::is_integral<Functor>::value), int>::type = int][m[K’
[01m[K/home/pablo/GDP_Git/src/drone_lib/src/Commands.cpp:27:106:[m[K   required from here
[01m[K/usr/include/boost/function/function_template.hpp:231:11:[m[K [01;31m[Kerror: [m[Kno match for call to ‘[01m[K(boost::_mfi::mf1<void, commands, const boost::shared_ptr<const mavros_msgs::State_<std::allocator<void> > >&>) (const boost::shared_ptr<const mavros_msgs::State_<std::allocator<void> > >&)[m[K’
           [01;31m[KB[m[KOOST_FUNCTION_RETURN(boost::mem_fn(*f)(BOOST_FUNCTION_ARGS));
           [01;31m[K^[m[K
In file included from [01m[K/usr/include/boost/bind/mem_fn.hpp:215:0[m[K,
                 from [01m[K/usr/include/boost/mem_fn.hpp:22[m[K,
                 from [01m[K/usr/include/boost/function/detail/prologue.hpp:18[m[K,
                 from [01m[K/usr/include/boost/function.hpp:24[m[K,
                 from [01m[K/opt/ros/melodic/include/ros/forwards.h:40[m[K,
                 from [01m[K/opt/ros/melodic/include/ros/common.h:37[m[K,
                 from [01m[K/opt/ros/melodic/include/ros/ros.h:43[m[K,
                 from [01m[K/home/pablo/GDP_Git/src/drone_lib/src/headers/commands.h:4[m[K,
                 from [01m[K/home/pablo/GDP_Git/src/drone_lib/src/Commands.cpp:1[m[K:
[01m[K/usr/include/boost/bind/mem_fn_template.hpp:163:7:[m[K [01;36m[Knote: [m[Kcandidate: R boost::_mfi::mf1<R, T, A1>::operator()(T*, A1) const [with R = void; T = commands; A1 = const boost::shared_ptr<const mavros_msgs::State_<std::allocator<void> > >&]
     R [01;36m[Koperator[m[K()(T * p, A1 a1) const
       [01;36m[K^~~~~~~~[m[K
[01m[K/usr/include/boost/bind/mem_fn_template.hpp:163:7:[m[K [01;36m[Knote: [m[K  candidate expects 2 arguments, 1 provided
[01m[K/usr/include/boost/bind/mem_fn_template.hpp:168:25:[m[K [01;36m[Knote: [m[Kcandidate: template<class U> R boost::_mfi::mf1<R, T, A1>::operator()(U&, A1) const [with U = U; R = void; T = commands; A1 = const boost::shared_ptr<const mavros_msgs::State_<std::allocator<void> > >&]
     template<class U> R [01;36m[Koperator[m[K()(U & u, A1 a1) const
                         [01;36m[K^~~~~~~~[m[K
[01m[K/usr/include/boost/bind/mem_fn_template.hpp:168:25:[m[K [01;36m[Knote: [m[K  template argument deduction/substitution failed:
In file included from [01m[K/usr/include/boost/function/detail/maybe_include.hpp:18:0[m[K,
                 from [01m[K/usr/include/boost/function/detail/function_iterate.hpp:14[m[K,
                 from [01m[K/usr/include/boost/preprocessor/iteration/detail/iter/forward1.hpp:52[m[K,
                 from [01m[K/usr/include/boost/function.hpp:64[m[K,
                 from [01m[K/opt/ros/melodic/include/ros/forwards.h:40[m[K,
                 from [01m[K/opt/ros/melodic/include/ros/common.h:37[m[K,
                 from [01m[K/opt/ros/melodic/include/ros/ros.h:43[m[K,
                 from [01m[K/home/pablo/GDP_Git/src/drone_lib/src/headers/commands.h:4[m[K,
                 from [01m[K/home/pablo/GDP_Git/src/drone_lib/src/Commands.cpp:1[m[K:
[01m[K/usr/include/boost/function/function_template.hpp:231:11:[m[K [01;36m[Knote: [m[K  candidate expects 2 arguments, 1 provided
           [01;36m[KB[m[KOOST_FUNCTION_RETURN(boost::mem_fn(*f)(BOOST_FUNCTION_ARGS));
           [01;36m[K^[m[K
In file included from [01m[K/usr/include/boost/bind/mem_fn.hpp:215:0[m[K,
                 from [01m[K/usr/include/boost/mem_fn.hpp:22[m[K,
                 from [01m[K/usr/include/boost/function/detail/prologue.hpp:18[m[K,
                 from [01m[K/usr/include/boost/function.hpp:24[m[K,
                 from [01m[K/opt/ros/melodic/include/ros/forwards.h:40[m[K,
                 from [01m[K/opt/ros/melodic/include/ros/common.h:37[m[K,
                 from [01m[K/opt/ros/melodic/include/ros/ros.h:43[m[K,
                 from [01m[K/home/pablo/GDP_Git/src/drone_lib/src/headers/commands.h:4[m[K,
                 from [01m[K/home/pablo/GDP_Git/src/drone_lib/src/Commands.cpp:1[m[K:
[01m[K/usr/include/boost/bind/mem_fn_template.hpp:176:25:[m[K [01;36m[Knote: [m[Kcandidate: template<class U> R boost::_mfi::mf1<R, T, A1>::operator()(const U&, A1) const [with U = U; R = void; T = commands; A1 = const boost::shared_ptr<const mavros_msgs::State_<std::allocator<void> > >&]
     template<class U> R [01;36m[Koperator[m[K()(U const & u, A1 a1) const
                         [01;36m[K^~~~~~~~[m[K
[01m[K/usr/include/boost/bind/mem_fn_template.hpp:176:25:[m[K [01;36m[Knote: [m[K  template argument deduction/substitution failed:
In file included from [01m[K/usr/include/boost/function/detail/maybe_include.hpp:18:0[m[K,
                 from [01m[K/usr/include/boost/function/detail/function_iterate.hpp:14[m[K,
                 from [01m[K/usr/include/boost/preprocessor/iteration/detail/iter/forward1.hpp:52[m[K,
                 from [01m[K/usr/include/boost/function.hpp:64[m[K,
                 from [01m[K/opt/ros/melodic/include/ros/forwards.h:40[m[K,
                 from [01m[K/opt/ros/melodic/include/ros/common.h:37[m[K,
                 from [01m[K/opt/ros/melodic/include/ros/ros.h:43[m[K,
                 from [01m[K/home/pablo/GDP_Git/src/drone_lib/src/headers/commands.h:4[m[K,
                 from [01m[K/home/pablo/GDP_Git/src/drone_lib/src/Commands.cpp:1[m[K:
[01m[K/usr/include/boost/function/function_template.hpp:231:11:[m[K [01;36m[Knote: [m[K  candidate expects 2 arguments, 1 provided
           [01;36m[KB[m[KOOST_FUNCTION_RETURN(boost::mem_fn(*f)(BOOST_FUNCTION_ARGS));
           [01;36m[K^[m[K
In file included from [01m[K/usr/include/boost/bind/mem_fn.hpp:215:0[m[K,
                 from [01m[K/usr/include/boost/mem_fn.hpp:22[m[K,
                 from [01m[K/usr/include/boost/function/detail/prologue.hpp:18[m[K,
                 from [01m[K/usr/include/boost/function.hpp:24[m[K,
                 from [01m[K/opt/ros/melodic/include/ros/forwards.h:40[m[K,
                 from [01m[K/opt/ros/melodic/include/ros/common.h:37[m[K,
                 from [01m[K/opt/ros/melodic/include/ros/ros.h:43[m[K,
                 from [01m[K/home/pablo/GDP_Git/src/drone_lib/src/headers/commands.h:4[m[K,
                 from [01m[K/home/pablo/GDP_Git/src/drone_lib/src/Commands.cpp:1[m[K:
[01m[K/usr/include/boost/bind/mem_fn_template.hpp:184:7:[m[K [01;36m[Knote: [m[Kcandidate: R boost::_mfi::mf1<R, T, A1>::operator()(T&, A1) const [with R = void; T = commands; A1 = const boost::shared_ptr<const mavros_msgs::State_<std::allocator<void> > >&]
     R [01;36m[Koperator[m[K()(T & t, A1 a1) const
       [01;36m[K^~~~~~~~[m[K
[01m[K/usr/include/boost/bind/mem_fn_template.hpp:184:7:[m[K [01;36m[Knote: [m[K  candidate expects 2 arguments, 1 provided
make[2]: *** [CMakeFiles/drone_node.dir/src/Commands.cpp.o] Error 1
make[1]: *** [CMakeFiles/drone_node.dir/all] Error 2
make: *** [all] Error 2
